0 info it worked if it ends with ok
1 verbose cli [ 'C:\\Program Files\\nodejs\\node.exe',
1 verbose cli   'C:\\Program Files\\nodejs\\node_modules\\npm\\bin\\npm-cli.js',
1 verbose cli   'install',
1 verbose cli   '-g',
1 verbose cli   'pnpm' ]
2 info using npm@4.0.5
3 info using node@v7.4.0
4 silly loadCurrentTree Starting
5 silly install loadCurrentTree
6 silly install readGlobalPackageData
7 silly fetchPackageMetaData pnpm
8 silly fetchNamedPackageData pnpm
9 silly mapToRegistry name pnpm
10 silly mapToRegistry using default registry
11 silly mapToRegistry registry https://registry.npmjs.org/
12 silly mapToRegistry data Result {
12 silly mapToRegistry   raw: 'pnpm',
12 silly mapToRegistry   scope: null,
12 silly mapToRegistry   escapedName: 'pnpm',
12 silly mapToRegistry   name: 'pnpm',
12 silly mapToRegistry   rawSpec: '',
12 silly mapToRegistry   spec: 'latest',
12 silly mapToRegistry   type: 'tag' }
13 silly mapToRegistry uri https://registry.npmjs.org/pnpm
14 verbose request uri https://registry.npmjs.org/pnpm
15 verbose request no auth needed
16 info attempt registry request try #1 at 12:01:52 AM
17 verbose request id 3d095fbd20214587
18 http request GET https://registry.npmjs.org/pnpm
19 info retry will retry, error on last attempt: Error: write EPROTO 101057795:error:1408D07B:SSL routines:ssl3_get_key_exchange:bad signature:openssl\ssl\s3_clnt.c:2010:
20 info attempt registry request try #2 at 12:02:02 AM
21 http request GET https://registry.npmjs.org/pnpm
22 info retry will retry, error on last attempt: Error: write EPROTO 101057795:error:1408D07B:SSL routines:ssl3_get_key_exchange:bad signature:openssl\ssl\s3_clnt.c:2010:
23 info attempt registry request try #3 at 12:03:02 AM
24 http request GET https://registry.npmjs.org/pnpm
25 silly fetchPackageMetaData Error: write EPROTO 101057795:error:1408D07B:SSL routines:ssl3_get_key_exchange:bad signature:openssl\ssl\s3_clnt.c:2010:
25 silly fetchPackageMetaData
25 silly fetchPackageMetaData     at exports._errnoException (util.js:1022:11)
25 silly fetchPackageMetaData     at WriteWrap.afterWrite [as oncomplete] (net.js:804:14)
25 silly fetchPackageMetaData  error for pnpm { Error: write EPROTO 101057795:error:1408D07B:SSL routines:ssl3_get_key_exchange:bad signature:openssl\ssl\s3_clnt.c:2010:
25 silly fetchPackageMetaData
25 silly fetchPackageMetaData     at exports._errnoException (util.js:1022:11)
25 silly fetchPackageMetaData     at WriteWrap.afterWrite [as oncomplete] (net.js:804:14) code: 'EPROTO', errno: 'EPROTO', syscall: 'write' }
26 silly rollbackFailedOptional Starting
27 verbose stack TypeError: Cannot read property 'path' of null
27 verbose stack     at Installer.rollbackFailedOptional (C:\Program Files\nodejs\node_modules\npm\lib\install.js:505:29)
27 verbose stack     at Array.<anonymous> (C:\Program Files\nodejs\node_modules\npm\node_modules\slide\lib\bind-actor.js:15:8)
27 verbose stack     at LOOP (C:\Program Files\nodejs\node_modules\npm\node_modules\slide\lib\chain.js:15:14)
27 verbose stack     at C:\Program Files\nodejs\node_modules\npm\node_modules\slide\lib\chain.js:18:7
27 verbose stack     at C:\Program Files\nodejs\node_modules\npm\lib\install.js:331:5
27 verbose stack     at Array.<anonymous> (C:\Program Files\nodejs\node_modules\npm\node_modules\slide\lib\bind-actor.js:15:8)
27 verbose stack     at LOOP (C:\Program Files\nodejs\node_modules\npm\node_modules\slide\lib\chain.js:15:14)
27 verbose stack     at chain (C:\Program Files\nodejs\node_modules\npm\node_modules\slide\lib\chain.js:20:5)
27 verbose stack     at C:\Program Files\nodejs\node_modules\npm\lib\install.js:288:5
27 verbose stack     at C:\Program Files\nodejs\node_modules\npm\node_modules\slide\lib\chain.js:16:22
28 verbose cwd C:\Users\barry\OneDrive\Documents\GitHub\barrysianturi.github.io
29 error Windows_NT 10.0.22621
30 error argv "C:\\Program Files\\nodejs\\node.exe" "C:\\Program Files\\nodejs\\node_modules\\npm\\bin\\npm-cli.js" "install" "-g" "pnpm"
31 error node v7.4.0
32 error npm  v4.0.5
33 error Cannot read property 'path' of null
34 error If you need help, you may report this error at:
34 error     <https://github.com/npm/npm/issues>
35 verbose exit [ 1, true ]
